{"/Users/shaozj/Documents/study/gitHub/learnNodejs/learnKoa/book/demo.js":{"path":"/Users/shaozj/Documents/study/gitHub/learnNodejs/learnKoa/book/demo.js","s":{"1":1,"2":1,"3":1,"4":1,"5":1,"6":1,"7":1,"8":1,"9":1,"10":1,"11":1,"12":1,"13":1,"14":1,"15":1,"16":1,"17":1,"18":0,"19":0,"20":0,"21":0,"22":1,"23":1,"24":1,"25":1,"26":1,"27":1,"28":0,"29":0,"30":0,"31":1,"32":1},"b":{"1":[1,0],"2":[0,0]},"f":{"1":1,"2":0,"3":1,"4":0},"fnMap":{"1":{"name":"(anonymous_1)","line":22,"loc":{"start":{"line":22,"column":8},"end":{"line":22,"column":24}}},"2":{"name":"(anonymous_2)","line":34,"loc":{"start":{"line":34,"column":19},"end":{"line":34,"column":31}}},"3":{"name":"(anonymous_3)","line":42,"loc":{"start":{"line":42,"column":25},"end":{"line":42,"column":37}}},"4":{"name":"(anonymous_4)","line":69,"loc":{"start":{"line":69,"column":16},"end":{"line":69,"column":34}}}},"statementMap":{"1":{"start":{"line":1,"column":0},"end":{"line":1,"column":25}},"2":{"start":{"line":2,"column":0},"end":{"line":2,"column":16}},"3":{"start":{"line":3,"column":0},"end":{"line":3,"column":35}},"4":{"start":{"line":4,"column":0},"end":{"line":4,"column":37}},"5":{"start":{"line":6,"column":0},"end":{"line":6,"column":40}},"6":{"start":{"line":8,"column":0},"end":{"line":8,"column":37}},"7":{"start":{"line":10,"column":0},"end":{"line":10,"column":36}},"8":{"start":{"line":12,"column":0},"end":{"line":16,"column":3}},"9":{"start":{"line":19,"column":0},"end":{"line":19,"column":17}},"10":{"start":{"line":20,"column":0},"end":{"line":20,"column":32}},"11":{"start":{"line":22,"column":0},"end":{"line":29,"column":3}},"12":{"start":{"line":24,"column":1},"end":{"line":27,"column":2}},"13":{"start":{"line":25,"column":2},"end":{"line":25,"column":23}},"14":{"start":{"line":26,"column":2},"end":{"line":26,"column":22}},"15":{"start":{"line":28,"column":1},"end":{"line":28,"column":12}},"16":{"start":{"line":31,"column":0},"end":{"line":31,"column":21}},"17":{"start":{"line":34,"column":0},"end":{"line":39,"column":3}},"18":{"start":{"line":35,"column":1},"end":{"line":35,"column":26}},"19":{"start":{"line":36,"column":1},"end":{"line":36,"column":30}},"20":{"start":{"line":37,"column":1},"end":{"line":37,"column":24}},"21":{"start":{"line":38,"column":1},"end":{"line":38,"column":43}},"22":{"start":{"line":42,"column":0},"end":{"line":46,"column":3}},"23":{"start":{"line":43,"column":1},"end":{"line":43,"column":56}},"24":{"start":{"line":44,"column":1},"end":{"line":44,"column":29}},"25":{"start":{"line":45,"column":1},"end":{"line":45,"column":18}},"26":{"start":{"line":48,"column":0},"end":{"line":48,"column":13}},"27":{"start":{"line":69,"column":0},"end":{"line":74,"column":3}},"28":{"start":{"line":70,"column":1},"end":{"line":73,"column":2}},"29":{"start":{"line":71,"column":2},"end":{"line":71,"column":27}},"30":{"start":{"line":72,"column":2},"end":{"line":72,"column":19}},"31":{"start":{"line":79,"column":0},"end":{"line":79,"column":17}},"32":{"start":{"line":81,"column":0},"end":{"line":81,"column":21}}},"branchMap":{"1":{"line":24,"type":"if","locations":[{"start":{"line":24,"column":1},"end":{"line":24,"column":1}},{"start":{"line":24,"column":1},"end":{"line":24,"column":1}}]},"2":{"line":70,"type":"if","locations":[{"start":{"line":70,"column":1},"end":{"line":70,"column":1}},{"start":{"line":70,"column":1},"end":{"line":70,"column":1}}]}}},"/Users/shaozj/Documents/study/gitHub/learnNodejs/learnKoa/book/config/config.js":{"path":"/Users/shaozj/Documents/study/gitHub/learnNodejs/learnKoa/book/config/config.js","s":{"1":1,"2":1,"3":1,"4":1,"5":1,"6":1,"7":1},"b":{"1":[1,0],"2":[1,0]},"f":{},"fnMap":{},"statementMap":{"1":{"start":{"line":2,"column":0},"end":{"line":2,"column":27}},"2":{"start":{"line":3,"column":0},"end":{"line":3,"column":31}},"3":{"start":{"line":4,"column":0},"end":{"line":4,"column":30}},"4":{"start":{"line":5,"column":0},"end":{"line":20,"column":2}},"5":{"start":{"line":24,"column":0},"end":{"line":26,"column":1}},"6":{"start":{"line":25,"column":4},"end":{"line":25,"column":36}},"7":{"start":{"line":28,"column":0},"end":{"line":28,"column":24}}},"branchMap":{"1":{"line":24,"type":"if","locations":[{"start":{"line":24,"column":0},"end":{"line":24,"column":0}},{"start":{"line":24,"column":0},"end":{"line":24,"column":0}}]},"2":{"line":24,"type":"binary-expr","locations":[{"start":{"line":24,"column":3},"end":{"line":24,"column":35}},{"start":{"line":24,"column":39},"end":{"line":24,"column":77}}]}}},"/Users/shaozj/Documents/study/gitHub/learnNodejs/learnKoa/book/config/local.js":{"path":"/Users/shaozj/Documents/study/gitHub/learnNodejs/learnKoa/book/config/local.js","s":{"1":1,"2":1},"b":{},"f":{},"fnMap":{},"statementMap":{"1":{"start":{"line":2,"column":0},"end":{"line":2,"column":27}},"2":{"start":{"line":3,"column":0},"end":{"line":6,"column":2}}},"branchMap":{}},"/Users/shaozj/Documents/study/gitHub/learnNodejs/learnKoa/book/app.js":{"path":"/Users/shaozj/Documents/study/gitHub/learnNodejs/learnKoa/book/app.js","s":{"1":1,"2":1,"3":1,"4":1,"5":1,"6":1,"7":1,"8":1,"9":1,"10":1,"11":1,"12":1,"13":1,"14":1,"15":1,"16":1,"17":1,"18":1,"19":1,"20":1,"21":1,"22":1,"23":1,"24":1,"25":1,"26":1,"27":1,"28":1,"29":1,"30":1,"31":1,"32":1},"b":{"1":[1,0]},"f":{"1":1},"fnMap":{"1":{"name":"(anonymous_1)","line":7,"loc":{"start":{"line":7,"column":8},"end":{"line":7,"column":24}}}},"statementMap":{"1":{"start":{"line":1,"column":0},"end":{"line":1,"column":37}},"2":{"start":{"line":2,"column":0},"end":{"line":2,"column":25}},"3":{"start":{"line":4,"column":0},"end":{"line":4,"column":40}},"4":{"start":{"line":6,"column":0},"end":{"line":6,"column":16}},"5":{"start":{"line":7,"column":0},"end":{"line":13,"column":3}},"6":{"start":{"line":9,"column":4},"end":{"line":11,"column":5}},"7":{"start":{"line":10,"column":8},"end":{"line":10,"column":29}},"8":{"start":{"line":12,"column":4},"end":{"line":12,"column":15}},"9":{"start":{"line":16,"column":0},"end":{"line":16,"column":36}},"10":{"start":{"line":17,"column":0},"end":{"line":20,"column":3}},"11":{"start":{"line":23,"column":0},"end":{"line":23,"column":28}},"12":{"start":{"line":25,"column":0},"end":{"line":25,"column":37}},"13":{"start":{"line":26,"column":0},"end":{"line":26,"column":13}},"14":{"start":{"line":29,"column":0},"end":{"line":29,"column":38}},"15":{"start":{"line":31,"column":0},"end":{"line":34,"column":3}},"16":{"start":{"line":39,"column":0},"end":{"line":39,"column":37}},"17":{"start":{"line":40,"column":0},"end":{"line":40,"column":22}},"18":{"start":{"line":44,"column":0},"end":{"line":44,"column":43}},"19":{"start":{"line":45,"column":0},"end":{"line":45,"column":22}},"20":{"start":{"line":47,"column":0},"end":{"line":47,"column":41}},"21":{"start":{"line":48,"column":0},"end":{"line":48,"column":21}},"22":{"start":{"line":51,"column":0},"end":{"line":51,"column":46}},"23":{"start":{"line":52,"column":0},"end":{"line":52,"column":33}},"24":{"start":{"line":53,"column":0},"end":{"line":53,"column":38}},"25":{"start":{"line":54,"column":0},"end":{"line":54,"column":39}},"26":{"start":{"line":57,"column":0},"end":{"line":57,"column":35}},"27":{"start":{"line":58,"column":0},"end":{"line":58,"column":21}},"28":{"start":{"line":61,"column":0},"end":{"line":61,"column":42}},"29":{"start":{"line":62,"column":0},"end":{"line":62,"column":15}},"30":{"start":{"line":64,"column":0},"end":{"line":64,"column":24}},"31":{"start":{"line":65,"column":0},"end":{"line":65,"column":48}},"32":{"start":{"line":67,"column":0},"end":{"line":67,"column":21}}},"branchMap":{"1":{"line":9,"type":"if","locations":[{"start":{"line":9,"column":4},"end":{"line":9,"column":4}},{"start":{"line":9,"column":4},"end":{"line":9,"column":4}}]}}},"/Users/shaozj/Documents/study/gitHub/learnNodejs/learnKoa/book/router/index.js":{"path":"/Users/shaozj/Documents/study/gitHub/learnNodejs/learnKoa/book/router/index.js","s":{"1":1,"2":1,"3":1},"b":{},"f":{"1":1},"fnMap":{"1":{"name":"(anonymous_1)","line":2,"loc":{"start":{"line":2,"column":17},"end":{"line":2,"column":30}}}},"statementMap":{"1":{"start":{"line":1,"column":0},"end":{"line":1,"column":48}},"2":{"start":{"line":2,"column":0},"end":{"line":5,"column":2}},"3":{"start":{"line":4,"column":4},"end":{"line":4,"column":34}}},"branchMap":{}},"/Users/shaozj/Documents/study/gitHub/learnNodejs/learnKoa/book/controller/index.js":{"path":"/Users/shaozj/Documents/study/gitHub/learnNodejs/learnKoa/book/controller/index.js","s":{"1":1,"2":1},"b":{},"f":{"1":1},"fnMap":{"1":{"name":"(anonymous_1)","line":2,"loc":{"start":{"line":2,"column":11},"end":{"line":2,"column":22}}}},"statementMap":{"1":{"start":{"line":1,"column":0},"end":{"line":5,"column":1}},"2":{"start":{"line":3,"column":8},"end":{"line":3,"column":56}}},"branchMap":{}}}